{"level":"info","message":"Conectando ao banco de dados Neuttron para buscar orgIds.","timestamp":"22:46:47 24-08-2024"}
{"level":"info","message":"orgIds recuperados com sucesso.","timestamp":"22:46:47 24-08-2024"}
{"level":"info","message":"Procurando o arquivo SQL mais recente na pasta: ./src/scripts","timestamp":"22:46:47 24-08-2024"}
{"level":"info","message":"Arquivo SQL mais recente encontrado: src/scripts/001-22-08-2024.sql","timestamp":"22:46:47 24-08-2024"}
{"level":"info","message":"Executando script SQL em 1 bancos de dados.","timestamp":"22:46:47 24-08-2024"}
{"level":"info","message":"Conteúdo do script: ALTER TABLE fields ADD COLUMN required BOOLEAN;\nSELECT * FROM fields;","timestamp":"22:46:47 24-08-2024"}
{"level":"info","message":"Conectando ao banco de dados: org73697878","timestamp":"22:46:47 24-08-2024"}
{"level":"info","message":"Script executado com sucesso no banco: org73697878","timestamp":"22:46:47 24-08-2024"}
{"level":"info","message":"Script executado em todos os bancos.","timestamp":"22:46:47 24-08-2024"}
{"level":"info","message":"Conectando ao banco de dados Neuttron para buscar orgIds.","timestamp":"23:48:09 27-08-2024"}
{"level":"info","message":"orgIds recuperados com sucesso.","timestamp":"23:48:09 27-08-2024"}
{"level":"info","message":"Procurando o arquivo SQL mais recente na pasta: ./src/scripts","timestamp":"23:48:09 27-08-2024"}
{"level":"info","message":"Arquivo SQL mais recente encontrado: src/scripts/002-27-08-2024.sql","timestamp":"23:48:09 27-08-2024"}
{"level":"info","message":"Executando script SQL em 2 bancos de dados.","timestamp":"23:48:09 27-08-2024"}
{"level":"info","message":"Conteúdo do script: ALTER TABLE fields ADD COLUMN disabled BOOLEAN;","timestamp":"23:48:09 27-08-2024"}
{"level":"info","message":"Conectando ao banco de dados: org66798686","timestamp":"23:48:09 27-08-2024"}
{"level":"info","message":"Script executado com sucesso no banco: org66798686","timestamp":"23:48:09 27-08-2024"}
{"level":"info","message":"Conectando ao banco de dados: org73697878","timestamp":"23:48:09 27-08-2024"}
{"level":"info","message":"Script executado com sucesso no banco: org73697878","timestamp":"23:48:09 27-08-2024"}
{"level":"info","message":"Script executado em todos os bancos.","timestamp":"23:48:09 27-08-2024"}
{"level":"info","message":"Conectando ao banco de dados Neuttron para buscar orgIds.","timestamp":"14:13:24 11-12-2024"}
{"level":"info","message":"orgIds recuperados com sucesso.","timestamp":"14:13:24 11-12-2024"}
{"level":"info","message":"Procurando o arquivo SQL mais recente na pasta: ./src/scripts","timestamp":"14:13:24 11-12-2024"}
{"level":"info","message":"Arquivo SQL mais recente encontrado: src/scripts/003-26-11-2024.sql","timestamp":"14:13:24 11-12-2024"}
{"level":"info","message":"Executando script SQL em 8 bancos de dados.","timestamp":"14:13:24 11-12-2024"}
{"level":"info","message":"Conteúdo do script: \nALTER TABLE sections ADD COLUMN field_type VARCHAR(255);","timestamp":"14:13:24 11-12-2024"}
{"level":"info","message":"Conectando ao banco de dados: org47338813","timestamp":"14:13:24 11-12-2024"}
{"level":"info","message":"Script executado com sucesso no banco: org47338813","timestamp":"14:13:24 11-12-2024"}
{"level":"info","message":"Conectando ao banco de dados: org66798686","timestamp":"14:13:24 11-12-2024"}
{"level":"info","message":"Script executado com sucesso no banco: org66798686","timestamp":"14:13:24 11-12-2024"}
{"level":"info","message":"Conectando ao banco de dados: org70619122","timestamp":"14:13:24 11-12-2024"}
{"code":"ER_BAD_DB_ERROR","errno":1049,"level":"error","message":"Erro ao executar o script: Unknown database 'org70619122'","sqlState":"42000","stack":"Error: Unknown database 'org70619122'\n    at Object.createConnection (/app/server-neuttron/node_modules/mysql2/promise.js:253:31)\n    at executeScriptInEachDatabase (/app/server-neuttron/src/utility/migration.js:70:40)\n    at process.processTicksAndRejections (node:internal/process/task_queues:95:5)\n    at async main (/app/server-neuttron/src/utility/migration.js:91:9)","timestamp":"14:13:24 11-12-2024"}
{"level":"info","message":"Conectando ao banco de dados Neuttron para buscar orgIds.","timestamp":"14:17:40 11-12-2024"}
{"level":"info","message":"orgIds recuperados com sucesso.","timestamp":"14:17:40 11-12-2024"}
{"level":"info","message":"Procurando o arquivo SQL mais recente na pasta: ./src/scripts","timestamp":"14:17:40 11-12-2024"}
{"level":"info","message":"Arquivo SQL mais recente encontrado: src/scripts/003-26-11-2024.sql","timestamp":"14:17:40 11-12-2024"}
{"level":"info","message":"Executando script SQL em 7 bancos de dados.","timestamp":"14:17:40 11-12-2024"}
{"level":"info","message":"Conteúdo do script: \nALTER TABLE sections ADD COLUMN field_type VARCHAR(255);","timestamp":"14:17:40 11-12-2024"}
{"level":"info","message":"Conectando ao banco de dados: org47338813","timestamp":"14:17:40 11-12-2024"}
{"level":"error","message":"Erro ao executar script no banco: org47338813. Erro: Duplicate column name 'field_type'","timestamp":"14:17:40 11-12-2024"}
{"level":"info","message":"Conectando ao banco de dados: org66798686","timestamp":"14:17:40 11-12-2024"}
{"level":"error","message":"Erro ao executar script no banco: org66798686. Erro: Duplicate column name 'field_type'","timestamp":"14:17:40 11-12-2024"}
{"level":"info","message":"Conectando ao banco de dados: org33315742","timestamp":"14:17:40 11-12-2024"}
{"level":"info","message":"Script executado com sucesso no banco: org33315742","timestamp":"14:17:40 11-12-2024"}
{"level":"info","message":"Conectando ao banco de dados: org35202375","timestamp":"14:17:40 11-12-2024"}
{"level":"info","message":"Script executado com sucesso no banco: org35202375","timestamp":"14:17:40 11-12-2024"}
{"level":"info","message":"Conectando ao banco de dados: org93411450","timestamp":"14:17:40 11-12-2024"}
{"level":"info","message":"Script executado com sucesso no banco: org93411450","timestamp":"14:17:40 11-12-2024"}
{"level":"info","message":"Conectando ao banco de dados: org47522983","timestamp":"14:17:40 11-12-2024"}
{"level":"info","message":"Script executado com sucesso no banco: org47522983","timestamp":"14:17:40 11-12-2024"}
{"level":"info","message":"Conectando ao banco de dados: org92089734","timestamp":"14:17:40 11-12-2024"}
{"level":"info","message":"Script executado com sucesso no banco: org92089734","timestamp":"14:17:40 11-12-2024"}
{"level":"info","message":"Script executado em todos os bancos.","timestamp":"14:17:40 11-12-2024"}
